Build started 26-6-2012 16:20:18.
     1>Project "D:\GMT\Games & Agents\Nieuwe map\Genetic Algorithm\Genetic Algorithm.vcxproj" on node 3 (build target(s)).
     1>InitializeBuildStatus:
         Creating "Debug\Genetic Algorithm.unsuccessfulbuild" because "AlwaysCreate" was specified.
       ClCompile:
         C:\Program Files (x86)\Microsoft Visual Studio 10.0\VC\bin\CL.exe /c /ZI /nologo /W3 /WX- /Od /Oy- /D WIN32 /D _DEBUG /D _CONSOLE /D _UNICODE /D UNICODE /Gm /EHsc /RTC1 /MDd /GS /fp:precise /Zc:wchar_t /Zc:forScope /Fo"Debug\\" /Fd"Debug\vc100.pdb" /Gd /TP /analyze- /errorReport:prompt Evolution.cpp
         Evolution.cpp
       ManifestResourceCompile:
         All outputs are up-to-date.
       Link:
         C:\Program Files (x86)\Microsoft Visual Studio 10.0\VC\bin\link.exe /ERRORREPORT:PROMPT /OUT:"D:\GMT\Games & Agents\Nieuwe map\Debug\Genetic Algorithm.exe" /INCREMENTAL /NOLOGO kernel32.lib user32.lib gdi32.lib winspool.lib comdlg32.lib advapi32.lib shell32.lib ole32.lib oleaut32.lib uuid.lib odbc32.lib odbccp32.lib /MANIFEST /ManifestFile:"Debug\Genetic Algorithm.exe.intermediate.manifest" /MANIFESTUAC:"level='asInvoker' uiAccess='false'" /DEBUG /PDB:"D:\GMT\Games & Agents\Nieuwe map\Debug\Genetic Algorithm.pdb" /SUBSYSTEM:CONSOLE /TLBID:1 /DYNAMICBASE /NXCOMPAT /IMPLIB:"D:\GMT\Games & Agents\Nieuwe map\Debug\Genetic Algorithm.lib" /MACHINE:X86 "Debug\Genetic Algorithm.exe.embed.manifest.res"
         Debug\Evolution.obj
         Debug\Main.obj
       Manifest:
         C:\Program Files (x86)\Microsoft SDKs\Windows\v7.0A\bin\mt.exe /nologo /verbose /out:"Debug\Genetic Algorithm.exe.embed.manifest" /manifest "Debug\Genetic Algorithm.exe.intermediate.manifest"
         All outputs are up-to-date.
       LinkEmbedManifest:
         All outputs are up-to-date.
         Genetic Algorithm.vcxproj -> D:\GMT\Games & Agents\Nieuwe map\Debug\Genetic Algorithm.exe
       FinalizeBuildStatus:
         Deleting file "Debug\Genetic Algorithm.unsuccessfulbuild".
         Touching "Debug\Genetic Algorithm.lastbuildstate".
     1>Done Building Project "D:\GMT\Games & Agents\Nieuwe map\Genetic Algorithm\Genetic Algorithm.vcxproj" (build target(s)).

Build succeeded.

Time Elapsed 00:00:06.93
