Build started 26-6-2012 16:20:18.
     1>Project "D:\GMT\Games & Agents\Nieuwe map\Neural Network\Neural Network.vcxproj" on node 3 (build target(s)).
     1>InitializeBuildStatus:
         Creating "Debug\Neural Network.unsuccessfulbuild" because "AlwaysCreate" was specified.
       ClCompile:
         C:\Program Files (x86)\Microsoft Visual Studio 10.0\VC\bin\CL.exe /c /ZI /nologo /W3 /WX- /Od /Oy- /D WIN32 /D _DEBUG /D _CONSOLE /D _UNICODE /D UNICODE /Gm /EHsc /RTC1 /MDd /GS /fp:precise /Zc:wchar_t /Zc:forScope /Fo"Debug\\" /Fd"Debug\vc100.pdb" /Gd /TP /analyze- /errorReport:prompt src\main.cpp
         main.cpp
     1>d:\gmt\games & agents\nieuwe map\neural network\src\multilayerperceptron.h(92): warning C4244: 'argument' : conversion from 'double' to 'const float', possible loss of data
                 d:\gmt\games & agents\nieuwe map\neural network\src\multilayerperceptron.h(77) : while compiling class template member function 'void MultilayerPerceptron<T,L>::activate(int,int)'
                 with
                 [
                     T=float,
                     L=5
                 ]
                 d:\gmt\games & agents\nieuwe map\neural network\src\multilayerperceptron.h(111) : while compiling class template member function 'void MultilayerPerceptron<T,L>::setWeights(std::vector<_Ty> &)'
                 with
                 [
                     T=float,
                     L=5,
                     _Ty=float
                 ]
                 d:\gmt\games & agents\nieuwe map\neural network\src\main.cpp(22) : see reference to class template instantiation 'MultilayerPerceptron<T,L>' being compiled
                 with
                 [
                     T=float,
                     L=5
                 ]
       ManifestResourceCompile:
         All outputs are up-to-date.
       Link:
         C:\Program Files (x86)\Microsoft Visual Studio 10.0\VC\bin\link.exe /ERRORREPORT:PROMPT /OUT:"D:\GMT\Games & Agents\Nieuwe map\Debug\Neural Network.exe" /INCREMENTAL /NOLOGO kernel32.lib user32.lib gdi32.lib winspool.lib comdlg32.lib advapi32.lib shell32.lib ole32.lib oleaut32.lib uuid.lib odbc32.lib odbccp32.lib /MANIFEST /ManifestFile:"Debug\Neural Network.exe.intermediate.manifest" /MANIFESTUAC:"level='asInvoker' uiAccess='false'" /DEBUG /PDB:"D:\GMT\Games & Agents\Nieuwe map\Debug\Neural Network.pdb" /SUBSYSTEM:CONSOLE /TLBID:1 /DYNAMICBASE /NXCOMPAT /IMPLIB:"D:\GMT\Games & Agents\Nieuwe map\Debug\Neural Network.lib" /MACHINE:X86 "Debug\Neural Network.exe.embed.manifest.res"
         Debug\main.obj
       Manifest:
         C:\Program Files (x86)\Microsoft SDKs\Windows\v7.0A\bin\mt.exe /nologo /verbose /out:"Debug\Neural Network.exe.embed.manifest" /manifest "Debug\Neural Network.exe.intermediate.manifest"
         All outputs are up-to-date.
       LinkEmbedManifest:
         All outputs are up-to-date.
         Neural Network.vcxproj -> D:\GMT\Games & Agents\Nieuwe map\Debug\Neural Network.exe
       FinalizeBuildStatus:
         Deleting file "Debug\Neural Network.unsuccessfulbuild".
         Touching "Debug\Neural Network.lastbuildstate".
     1>Done Building Project "D:\GMT\Games & Agents\Nieuwe map\Neural Network\Neural Network.vcxproj" (build target(s)).

Build succeeded.

Time Elapsed 00:00:03.95
