Build started 26-6-2012 16:20:25.
     1>Project "D:\GMT\Games & Agents\Nieuwe map\GNA\GNA.vcxproj" on node 3 (build target(s)).
     1>InitializeBuildStatus:
         Creating "Debug\GNA.unsuccessfulbuild" because "AlwaysCreate" was specified.
       ClCompile:
         C:\Program Files (x86)\Microsoft Visual Studio 10.0\VC\bin\CL.exe /c /I./Libs /ZI /nologo /W3 /WX- /Od /Oy- /D WIN32 /D _DEBUG /D _CONSOLE /D _UNICODE /D UNICODE /Gm /EHsc /RTC1 /MDd /GS /fp:precise /Zc:wchar_t /Zc:forScope /Fo"Debug\\" /Fd"Debug\vc100.pdb" /Gd /TP /analyze- /errorReport:prompt src\main.cpp src\overmindfitnessfunctor.cpp
         overmindfitnessfunctor.cpp
         main.cpp
         Generating Code...
       ManifestResourceCompile:
         All outputs are up-to-date.
       Link:
         C:\Program Files (x86)\Microsoft Visual Studio 10.0\VC\bin\link.exe /ERRORREPORT:PROMPT /OUT:"D:\GMT\Games & Agents\Nieuwe map\Debug\GNA.exe" /INCREMENTAL /NOLOGO /LIBPATH:./Libs glut32.lib kernel32.lib user32.lib gdi32.lib winspool.lib comdlg32.lib advapi32.lib shell32.lib ole32.lib oleaut32.lib uuid.lib odbc32.lib odbccp32.lib /MANIFEST /ManifestFile:"Debug\GNA.exe.intermediate.manifest" /MANIFESTUAC:"level='asInvoker' uiAccess='false'" /DEBUG /PDB:"D:\GMT\Games & Agents\Nieuwe map\Debug\GNA.pdb" /SUBSYSTEM:CONSOLE /TLBID:1 /DYNAMICBASE /NXCOMPAT /IMPLIB:"D:\GMT\Games & Agents\Nieuwe map\Debug\GNA.lib" /MACHINE:X86 Debug\GNA.exe.embed.manifest.res
         Debug\main.obj
         Debug\overmindfitnessfunctor.obj
       Manifest:
         C:\Program Files (x86)\Microsoft SDKs\Windows\v7.0A\bin\mt.exe /nologo /verbose /out:"Debug\GNA.exe.embed.manifest" /manifest Debug\GNA.exe.intermediate.manifest
         All outputs are up-to-date.
       LinkEmbedManifest:
         All outputs are up-to-date.
         GNA.vcxproj -> D:\GMT\Games & Agents\Nieuwe map\Debug\GNA.exe
       FinalizeBuildStatus:
         Deleting file "Debug\GNA.unsuccessfulbuild".
         Touching "Debug\GNA.lastbuildstate".
     1>Done Building Project "D:\GMT\Games & Agents\Nieuwe map\GNA\GNA.vcxproj" (build target(s)).

Build succeeded.

Time Elapsed 00:00:03.26
