D:\GMT\Games & Agents\Nieuwe map\GNA\Release\CL.10368.read.1.tlog
D:\GMT\Games & Agents\Nieuwe map\GNA\Release\CL.10368.write.1.tlog
D:\GMT\Games & Agents\Nieuwe map\GNA\Release\CL.10864.read.1.tlog
D:\GMT\Games & Agents\Nieuwe map\GNA\Release\CL.10864.write.1.tlog
D:\GMT\Games & Agents\Nieuwe map\GNA\Release\CL.11040.read.1.tlog
D:\GMT\Games & Agents\Nieuwe map\GNA\Release\CL.11040.write.1.tlog
D:\GMT\Games & Agents\Nieuwe map\GNA\Release\CL.11088.read.1.tlog
D:\GMT\Games & Agents\Nieuwe map\GNA\Release\CL.11088.write.1.tlog
D:\GMT\Games & Agents\Nieuwe map\GNA\Release\CL.11192.read.1.tlog
D:\GMT\Games & Agents\Nieuwe map\GNA\Release\CL.11192.write.1.tlog
D:\GMT\Games & Agents\Nieuwe map\GNA\Release\CL.11840.read.1.tlog
D:\GMT\Games & Agents\Nieuwe map\GNA\Release\CL.11840.write.1.tlog
D:\GMT\Games & Agents\Nieuwe map\GNA\Release\CL.11856.read.1.tlog
D:\GMT\Games & Agents\Nieuwe map\GNA\Release\CL.11856.write.1.tlog
D:\GMT\Games & Agents\Nieuwe map\GNA\Release\CL.11864.read.1.tlog
D:\GMT\Games & Agents\Nieuwe map\GNA\Release\CL.11864.write.1.tlog
D:\GMT\Games & Agents\Nieuwe map\GNA\Release\CL.12948.read.1.tlog
D:\GMT\Games & Agents\Nieuwe map\GNA\Release\CL.12948.write.1.tlog
D:\GMT\Games & Agents\Nieuwe map\GNA\Release\CL.12976.read.1.tlog
D:\GMT\Games & Agents\Nieuwe map\GNA\Release\CL.12976.write.1.tlog
D:\GMT\Games & Agents\Nieuwe map\GNA\Release\CL.13072.read.1.tlog
D:\GMT\Games & Agents\Nieuwe map\GNA\Release\CL.13072.write.1.tlog
D:\GMT\Games & Agents\Nieuwe map\GNA\Release\CL.13076.read.1.tlog
D:\GMT\Games & Agents\Nieuwe map\GNA\Release\CL.13076.write.1.tlog
D:\GMT\Games & Agents\Nieuwe map\GNA\Release\CL.13796.read.1.tlog
D:\GMT\Games & Agents\Nieuwe map\GNA\Release\CL.13796.write.1.tlog
D:\GMT\Games & Agents\Nieuwe map\GNA\Release\CL.14180.read.1.tlog
D:\GMT\Games & Agents\Nieuwe map\GNA\Release\CL.14180.write.1.tlog
D:\GMT\Games & Agents\Nieuwe map\GNA\Release\CL.1860.read.1.tlog
D:\GMT\Games & Agents\Nieuwe map\GNA\Release\CL.1860.write.1.tlog
D:\GMT\Games & Agents\Nieuwe map\GNA\Release\CL.3996.read.1.tlog
D:\GMT\Games & Agents\Nieuwe map\GNA\Release\CL.3996.write.1.tlog
D:\GMT\Games & Agents\Nieuwe map\GNA\Release\CL.6036.read.1.tlog
D:\GMT\Games & Agents\Nieuwe map\GNA\Release\CL.6036.write.1.tlog
D:\GMT\Games & Agents\Nieuwe map\GNA\Release\CL.7020.read.1.tlog
D:\GMT\Games & Agents\Nieuwe map\GNA\Release\CL.7020.write.1.tlog
D:\GMT\Games & Agents\Nieuwe map\GNA\Release\CL.7468.read.1.tlog
D:\GMT\Games & Agents\Nieuwe map\GNA\Release\CL.7468.write.1.tlog
D:\GMT\Games & Agents\Nieuwe map\GNA\Release\CL.8432.read.1.tlog
D:\GMT\Games & Agents\Nieuwe map\GNA\Release\CL.8432.write.1.tlog
D:\GMT\Games & Agents\Nieuwe map\GNA\Release\cl.command.1.tlog
D:\GMT\Games & Agents\Nieuwe map\GNA\Release\CL.read.1.tlog
D:\GMT\Games & Agents\Nieuwe map\GNA\Release\cl.write.1.tlog
D:\GMT\GAMES & AGENTS\NIEUWE MAP\GNA\RELEASE\GNA.EXE.INTERMEDIATE.MANIFEST
D:\GMT\Games & Agents\Nieuwe map\GNA\Release\GNA.write.1.tlog
D:\GMT\Games & Agents\Nieuwe map\GNA\Release\link.command.1.tlog
D:\GMT\Games & Agents\Nieuwe map\GNA\Release\link.read.1.tlog
D:\GMT\Games & Agents\Nieuwe map\GNA\Release\link.write.1.tlog
D:\GMT\GAMES & AGENTS\NIEUWE MAP\GNA\RELEASE\MAIN.OBJ
D:\GMT\Games & Agents\Nieuwe map\GNA\Release\mt.command.1.tlog
D:\GMT\Games & Agents\Nieuwe map\GNA\Release\mt.read.1.tlog
D:\GMT\Games & Agents\Nieuwe map\GNA\Release\mt.write.1.tlog
D:\GMT\GAMES & AGENTS\NIEUWE MAP\GNA\RELEASE\OVERMINDFITNESSFUNCTOR.OBJ
D:\GMT\GAMES & AGENTS\NIEUWE MAP\GNA\RELEASE\VC100.PDB
D:\GMT\GAMES & AGENTS\NIEUWE MAP\RELEASE\GNA.EXE
D:\GMT\GAMES & AGENTS\NIEUWE MAP\RELEASE\GNA.PDB
