Build started 26-6-2012 16:20:19.
     1>Project "D:\GMT\Games & Agents\Nieuwe map\Boids\Boids.vcxproj" on node 2 (build target(s)).
     1>InitializeBuildStatus:
         Creating "Debug\Boids.unsuccessfulbuild" because "AlwaysCreate" was specified.
       ClCompile:
         C:\Program Files (x86)\Microsoft Visual Studio 10.0\VC\bin\CL.exe /c /ZI /nologo /W3 /WX- /Od /Ot /Oy- /D WIN32 /D _DEBUG /D _CONSOLE /D _UNICODE /D UNICODE /Gm /EHsc /RTC1 /MDd /GS /fp:precise /Zc:wchar_t /Zc:forScope /Fo"Debug\\" /Fd"Debug\vc100.pdb" /Gd /TP /analyze- /errorReport:prompt src\main.cpp
         main.cpp
       ManifestResourceCompile:
         All outputs are up-to-date.
       Link:
         C:\Program Files (x86)\Microsoft Visual Studio 10.0\VC\bin\link.exe /ERRORREPORT:PROMPT /OUT:"D:\GMT\Games & Agents\Nieuwe map\Debug\Boids.exe" /INCREMENTAL /NOLOGO kernel32.lib user32.lib gdi32.lib winspool.lib comdlg32.lib advapi32.lib shell32.lib ole32.lib oleaut32.lib uuid.lib odbc32.lib odbccp32.lib /MANIFEST /ManifestFile:"Debug\Boids.exe.intermediate.manifest" /MANIFESTUAC:"level='asInvoker' uiAccess='false'" /DEBUG /PDB:"D:\GMT\Games & Agents\Nieuwe map\Debug\Boids.pdb" /SUBSYSTEM:CONSOLE /TLBID:1 /DYNAMICBASE /NXCOMPAT /IMPLIB:"D:\GMT\Games & Agents\Nieuwe map\Debug\Boids.lib" /MACHINE:X86 Debug\Boids.exe.embed.manifest.res
         Debug\main.obj
       Manifest:
         C:\Program Files (x86)\Microsoft SDKs\Windows\v7.0A\bin\mt.exe /nologo /verbose /out:"Debug\Boids.exe.embed.manifest" /manifest Debug\Boids.exe.intermediate.manifest
         All outputs are up-to-date.
       LinkEmbedManifest:
         All outputs are up-to-date.
         Boids.vcxproj -> D:\GMT\Games & Agents\Nieuwe map\Debug\Boids.exe
       FinalizeBuildStatus:
         Deleting file "Debug\Boids.unsuccessfulbuild".
         Touching "Debug\Boids.lastbuildstate".
     1>Done Building Project "D:\GMT\Games & Agents\Nieuwe map\Boids\Boids.vcxproj" (build target(s)).

Build succeeded.

Time Elapsed 00:00:03.72
