Build started 27-6-2012 11:54:15.
     1>Project "D:\GMT\Games & Agents\Nieuwe map\Boids\Boids.vcxproj" on node 3 (build target(s)).
     1>InitializeBuildStatus:
         Creating "Release\Boids.unsuccessfulbuild" because "AlwaysCreate" was specified.
       ClCompile:
         C:\Program Files (x86)\Microsoft Visual Studio 10.0\VC\bin\CL.exe /c /Zi /nologo /W3 /WX- /MP /Ox /Oi /Ot /Oy- /GL /D WIN32 /D NDEBUG /D _CONSOLE /D _UNICODE /D UNICODE /Gm- /EHsc /MD /GS /Gy /fp:precise /Zc:wchar_t /Zc:forScope /Fo"Release\\" /Fd"Release\vc100.pdb" /Gd /TP /analyze- /errorReport:prompt src\main.cpp
         main.cpp
       Link:
         C:\Program Files (x86)\Microsoft Visual Studio 10.0\VC\bin\link.exe /ERRORREPORT:PROMPT /OUT:"D:\GMT\Games & Agents\Nieuwe map\Release\Boids.exe" /INCREMENTAL:NO /NOLOGO kernel32.lib user32.lib gdi32.lib winspool.lib comdlg32.lib advapi32.lib shell32.lib ole32.lib oleaut32.lib uuid.lib odbc32.lib odbccp32.lib /MANIFEST /ManifestFile:"Release\Boids.exe.intermediate.manifest" /MANIFESTUAC:"level='asInvoker' uiAccess='false'" /DEBUG /PDB:"D:\GMT\Games & Agents\Nieuwe map\Release\Boids.pdb" /SUBSYSTEM:CONSOLE /OPT:REF /OPT:ICF /LTCG /TLBID:1 /DYNAMICBASE /NXCOMPAT /IMPLIB:"D:\GMT\Games & Agents\Nieuwe map\Release\Boids.lib" /MACHINE:X86 Release\main.obj
         Generating code
         Finished generating code
         Boids.vcxproj -> D:\GMT\Games & Agents\Nieuwe map\Release\Boids.exe
       Manifest:
         C:\Program Files (x86)\Microsoft SDKs\Windows\v7.0A\bin\mt.exe /nologo /verbose /outputresource:"D:\GMT\Games & Agents\Nieuwe map\Release\Boids.exe;#1" /manifest Release\Boids.exe.intermediate.manifest
       FinalizeBuildStatus:
         Deleting file "Release\Boids.unsuccessfulbuild".
         Touching "Release\Boids.lastbuildstate".
     1>Done Building Project "D:\GMT\Games & Agents\Nieuwe map\Boids\Boids.vcxproj" (build target(s)).

Build succeeded.

Time Elapsed 00:00:01.74
