D:\GMT\Games & Agents\Nieuwe map\GUI\Release\CL.10108.read.1.tlog
D:\GMT\Games & Agents\Nieuwe map\GUI\Release\CL.10108.write.1.tlog
D:\GMT\Games & Agents\Nieuwe map\GUI\Release\CL.10180.read.1.tlog
D:\GMT\Games & Agents\Nieuwe map\GUI\Release\CL.10180.write.1.tlog
D:\GMT\Games & Agents\Nieuwe map\GUI\Release\CL.11404.read.1.tlog
D:\GMT\Games & Agents\Nieuwe map\GUI\Release\CL.11404.write.1.tlog
D:\GMT\Games & Agents\Nieuwe map\GUI\Release\CL.11428.read.1.tlog
D:\GMT\Games & Agents\Nieuwe map\GUI\Release\CL.11428.write.1.tlog
D:\GMT\Games & Agents\Nieuwe map\GUI\Release\CL.11588.read.1.tlog
D:\GMT\Games & Agents\Nieuwe map\GUI\Release\CL.11588.write.1.tlog
D:\GMT\Games & Agents\Nieuwe map\GUI\Release\CL.1164.read.1.tlog
D:\GMT\Games & Agents\Nieuwe map\GUI\Release\CL.1164.write.1.tlog
D:\GMT\Games & Agents\Nieuwe map\GUI\Release\CL.1176.read.1.tlog
D:\GMT\Games & Agents\Nieuwe map\GUI\Release\CL.1176.write.1.tlog
D:\GMT\Games & Agents\Nieuwe map\GUI\Release\CL.13592.read.1.tlog
D:\GMT\Games & Agents\Nieuwe map\GUI\Release\CL.13592.write.1.tlog
D:\GMT\Games & Agents\Nieuwe map\GUI\Release\CL.13932.read.1.tlog
D:\GMT\Games & Agents\Nieuwe map\GUI\Release\CL.13932.write.1.tlog
D:\GMT\Games & Agents\Nieuwe map\GUI\Release\CL.13948.read.1.tlog
D:\GMT\Games & Agents\Nieuwe map\GUI\Release\CL.13948.write.1.tlog
D:\GMT\Games & Agents\Nieuwe map\GUI\Release\CL.14048.read.1.tlog
D:\GMT\Games & Agents\Nieuwe map\GUI\Release\CL.14048.write.1.tlog
D:\GMT\Games & Agents\Nieuwe map\GUI\Release\CL.4536.read.1.tlog
D:\GMT\Games & Agents\Nieuwe map\GUI\Release\CL.4536.write.1.tlog
D:\GMT\Games & Agents\Nieuwe map\GUI\Release\CL.6808.read.1.tlog
D:\GMT\Games & Agents\Nieuwe map\GUI\Release\CL.6808.write.1.tlog
D:\GMT\Games & Agents\Nieuwe map\GUI\Release\CL.6824.read.1.tlog
D:\GMT\Games & Agents\Nieuwe map\GUI\Release\CL.6824.write.1.tlog
D:\GMT\Games & Agents\Nieuwe map\GUI\Release\CL.7012.read.1.tlog
D:\GMT\Games & Agents\Nieuwe map\GUI\Release\CL.7012.write.1.tlog
D:\GMT\Games & Agents\Nieuwe map\GUI\Release\CL.9336.read.1.tlog
D:\GMT\Games & Agents\Nieuwe map\GUI\Release\CL.9336.write.1.tlog
D:\GMT\Games & Agents\Nieuwe map\GUI\Release\CL.9420.read.1.tlog
D:\GMT\Games & Agents\Nieuwe map\GUI\Release\CL.9420.write.1.tlog
D:\GMT\Games & Agents\Nieuwe map\GUI\Release\CL.9660.read.1.tlog
D:\GMT\Games & Agents\Nieuwe map\GUI\Release\CL.9660.write.1.tlog
D:\GMT\Games & Agents\Nieuwe map\GUI\Release\CL.9968.read.1.tlog
D:\GMT\Games & Agents\Nieuwe map\GUI\Release\CL.9968.write.1.tlog
D:\GMT\Games & Agents\Nieuwe map\GUI\Release\cl.command.1.tlog
D:\GMT\Games & Agents\Nieuwe map\GUI\Release\CL.read.1.tlog
D:\GMT\Games & Agents\Nieuwe map\GUI\Release\cl.write.1.tlog
D:\GMT\GAMES & AGENTS\NIEUWE MAP\GUI\RELEASE\GUI.EXE.INTERMEDIATE.MANIFEST
D:\GMT\GAMES & AGENTS\NIEUWE MAP\GUI\RELEASE\GUI.OBJ
D:\GMT\Games & Agents\Nieuwe map\GUI\Release\link.command.1.tlog
D:\GMT\Games & Agents\Nieuwe map\GUI\Release\link.read.1.tlog
D:\GMT\Games & Agents\Nieuwe map\GUI\Release\link.write.1.tlog
D:\GMT\GAMES & AGENTS\NIEUWE MAP\GUI\RELEASE\MAIN.OBJ
D:\GMT\Games & Agents\Nieuwe map\GUI\Release\mt.command.1.tlog
D:\GMT\Games & Agents\Nieuwe map\GUI\Release\mt.read.1.tlog
D:\GMT\Games & Agents\Nieuwe map\GUI\Release\mt.write.1.tlog
D:\GMT\GAMES & AGENTS\NIEUWE MAP\GUI\RELEASE\VC100.PDB
D:\GMT\GAMES & AGENTS\NIEUWE MAP\RELEASE\GUI.EXE
D:\GMT\GAMES & AGENTS\NIEUWE MAP\RELEASE\GUI.PDB
